# JRE version: Java(TM) SE Runtime Environment (19.0.2+7) (build 19.0.2+7-44)
# Java VM: Java HotSpot(TM) 64-Bit Server VM (19.0.2+7-44, mixed mode, sharing, tiered, compressed oops, compressed class ptrs, g1 gc, windows-amd64)
GC Precious Log:
 CardTable entry size: 512
 Card Set container configuration: InlinePtr #cards 5 size 8 Array Of Cards #cards 12 size 40 Howl #buckets 4 coarsen threshold 1843 Howl Bitmap #cards 512 size 80 coarsen threshold 460 Card regions per heap region 1 cards per card region 2048
 CPUs: 12 total, 12 available
 Memory: 16251M
 Large Page Support: Disabled
 NUMA Support: Disabled
 Compressed Oops: Enabled (32-bit)
 Heap Region Size: 1M
 Heap Min Capacity: 256M
 Heap Initial Capacity: 256M
 Heap Max Capacity: 512M
 Pre-touch: Disabled
 Parallel Workers: 10
 Concurrent Workers: 3
 Concurrent Refinement Workers: 10
 Periodic GC: Disabled
Heap:
 garbage-first heap   total 262144K, used 77192K [0x00000000e0000000, 0x0000000100000000)
  region size 1024K, 39 young (39936K), 10 survivors (10240K)
 Metaspace       used 59847K, committed 61952K, reserved 380928K
  class space    used 8500K, committed 9600K, reserved 315392K
GC Heap History (18 events):
Event: 0.477 GC heap before
{Heap before GC invocations=0 (full 0):
 garbage-first heap   total 262144K, used 26624K [0x00000000e0000000, 0x0000000100000000)
  region size 1024K, 23 young (23552K), 0 survivors (0K)
 Metaspace       used 3160K, committed 3328K, reserved 380928K
  class space    used 389K, committed 448K, reserved 315392K
}
Event: 0.480 GC heap after
{Heap after GC invocations=1 (full 0):
 garbage-first heap   total 262144K, used 10293K [0x00000000e0000000, 0x0000000100000000)
  region size 1024K, 3 young (3072K), 3 survivors (3072K)
 Metaspace       used 3160K, committed 3328K, reserved 380928K
  class space    used 389K, committed 448K, reserved 315392K
}
Event: 0.792 GC heap before
{Heap before GC invocations=1 (full 0):
 garbage-first heap   total 262144K, used 38965K [0x00000000e0000000, 0x0000000100000000)
  region size 1024K, 32 young (32768K), 3 survivors (3072K)
 Metaspace       used 4112K, committed 4288K, reserved 380928K
  class space    used 486K, committed 576K, reserved 315392K
}
Event: 0.794 GC heap after
{Heap after GC invocations=2 (full 0):
 garbage-first heap   total 262144K, used 11228K [0x00000000e0000000, 0x0000000100000000)
  region size 1024K, 1 young (1024K), 1 survivors (1024K)
 Metaspace       used 4112K, committed 4288K, reserved 380928K
  class space    used 486K, committed 576K, reserved 315392K
}
Event: 2.265 GC heap before
{Heap before GC invocations=2 (full 0):
 garbage-first heap   total 262144K, used 119772K [0x00000000e0000000, 0x0000000100000000)
  region size 1024K, 108 young (110592K), 1 survivors (1024K)
 Metaspace       used 20861K, committed 21504K, reserved 380928K
  class space    used 2989K, committed 3328K, reserved 315392K
}
Event: 2.271 GC heap after
{Heap after GC invocations=3 (full 0):
 garbage-first heap   total 262144K, used 22546K [0x00000000e0000000, 0x0000000100000000)
  region size 1024K, 12 young (12288K), 12 survivors (12288K)
 Metaspace       used 20861K, committed 21504K, reserved 380928K
  class space    used 2989K, committed 3328K, reserved 315392K
}
Event: 3.233 GC heap before
{Heap before GC invocations=4 (full 0):
 garbage-first heap   total 262144K, used 135186K [0x00000000e0000000, 0x0000000100000000)
  region size 1024K, 119 young (121856K), 12 survivors (12288K)
 Metaspace       used 34817K, committed 35968K, reserved 380928K
  class space    used 4855K, committed 5440K, reserved 315392K
}
Event: 3.241 GC heap after
{Heap after GC invocations=5 (full 0):
 garbage-first heap   total 262144K, used 32866K [0x00000000e0000000, 0x0000000100000000)
  region size 1024K, 9 young (9216K), 9 survivors (9216K)
 Metaspace       used 34817K, committed 35968K, reserved 380928K
  class space    used 4855K, committed 5440K, reserved 315392K
}
Event: 3.243 GC heap before
{Heap before GC invocations=5 (full 0):
 garbage-first heap   total 262144K, used 32866K [0x00000000e0000000, 0x0000000100000000)
  region size 1024K, 10 young (10240K), 9 survivors (9216K)
 Metaspace       used 35139K, committed 36288K, reserved 380928K
  class space    used 4855K, committed 5440K, reserved 315392K
}
Event: 3.249 GC heap after
{Heap after GC invocations=6 (full 0):
 garbage-first heap   total 262144K, used 32545K [0x00000000e0000000, 0x0000000100000000)
  region size 1024K, 1 young (1024K), 1 survivors (1024K)
 Metaspace       used 35139K, committed 36288K, reserved 380928K
  class space    used 4855K, committed 5440K, reserved 315392K
}
Event: 3.264 GC heap before
{Heap before GC invocations=6 (full 0):
 garbage-first heap   total 262144K, used 32545K [0x00000000e0000000, 0x0000000100000000)
  region size 1024K, 2 young (2048K), 1 survivors (1024K)
 Metaspace       used 35474K, committed 36608K, reserved 380928K
  class space    used 4872K, committed 5440K, reserved 315392K
}
Event: 3.265 GC heap after
{Heap after GC invocations=7 (full 0):
 garbage-first heap   total 262144K, used 30425K [0x00000000e0000000, 0x0000000100000000)
  region size 1024K, 1 young (1024K), 1 survivors (1024K)
 Metaspace       used 35474K, committed 36608K, reserved 380928K
  class space    used 4872K, committed 5440K, reserved 315392K
}
Event: 4.965 GC heap before
{Heap before GC invocations=8 (full 0):
 garbage-first heap   total 262144K, used 187097K [0x00000000e0000000, 0x0000000100000000)
  region size 1024K, 153 young (156672K), 1 survivors (1024K)
 Metaspace       used 51855K, committed 53696K, reserved 380928K
  class space    used 7374K, committed 8320K, reserved 315392K
}
Event: 4.972 GC heap after
{Heap after GC invocations=9 (full 0):
 garbage-first heap   total 262144K, used 38975K [0x00000000e0000000, 0x0000000100000000)
  region size 1024K, 9 young (9216K), 9 survivors (9216K)
 Metaspace       used 51855K, committed 53696K, reserved 380928K
  class space    used 7374K, committed 8320K, reserved 315392K
}
Event: 4.994 GC heap before
{Heap before GC invocations=9 (full 0):
 garbage-first heap   total 262144K, used 42047K [0x00000000e0000000, 0x0000000100000000)
  region size 1024K, 12 young (12288K), 9 survivors (9216K)
 Metaspace       used 52209K, committed 54016K, reserved 380928K
  class space    used 7416K, committed 8320K, reserved 315392K
}
Event: 5.000 GC heap after
{Heap after GC invocations=10 (full 0):
 garbage-first heap   total 262144K, used 39728K [0x00000000e0000000, 0x0000000100000000)
  region size 1024K, 2 young (2048K), 2 survivors (2048K)
 Metaspace       used 52209K, committed 54016K, reserved 380928K
  class space    used 7416K, committed 8320K, reserved 315392K
}
Event: 6.079 GC heap before
{Heap before GC invocations=10 (full 0):
 garbage-first heap   total 262144K, used 134960K [0x00000000e0000000, 0x0000000100000000)
  region size 1024K, 97 young (99328K), 2 survivors (2048K)
 Metaspace       used 59514K, committed 61440K, reserved 380928K
  class space    used 8478K, committed 9472K, reserved 315392K
}
Event: 6.085 GC heap after
{Heap after GC invocations=11 (full 0):
 garbage-first heap   total 262144K, used 48520K [0x00000000e0000000, 0x0000000100000000)
  region size 1024K, 10 young (10240K), 10 survivors (10240K)
 Metaspace       used 59514K, committed 61440K, reserved 380928K
  class space    used 8478K, committed 9472K, reserved 315392K
}

